[1/12] scan_std=0.05, particles=500 ... ATE=0.9821
[2/12] scan_std=0.05, particles=1000 ... ATE=0.7754
[3/12] scan_std=0.05, particles=2000 ... ATE=0.6657
[4/12] scan_std=0.1, particles=500 ... ATE=0.6753
[5/12] scan_std=0.1, particles=1000 ... ATE=0.7912
[6/12] scan_std=0.1, particles=2000 ... ATE=0.7375
[7/12] scan_std=0.15, particles=500 ... ATE=0.6405
[8/12] scan_std=0.15, particles=1000 ... ATE=1.1720
[9/12] scan_std=0.15, particles=2000 ... ATE=0.5807
[10/12] scan_std=0.2, particles=500 ... ATE=2.3247
[11/12] scan_std=0.2, particles=1000 ... ATE=0.7783
[12/12] scan_std=0.2, particles=2000 ... ATE=0.3896

Summary:

Rank   scan_std   n_particles  ATE      ATE_x    ATE_y    MeanErr 
----------------------------------------------------------------------
1      0.20       2000         0.3896   0.2680   0.2827   0.3599  
2      0.15       2000         0.5807   0.2899   0.5032   0.4871  
3      0.15       500          0.6405   0.4672   0.4381   0.5404  
4      0.05       2000         0.6657   0.3809   0.5460   0.5741  
5      0.10       500          0.6753   0.5901   0.3283   0.5845  
6      0.10       2000         0.7375   0.3771   0.6338   0.6379  
7      0.05       1000         0.7754   0.2760   0.7247   0.6111  
8      0.20       1000         0.7783   0.1575   0.7622   0.6554  
9      0.10       1000         0.7912   0.3846   0.6914   0.6587  
10     0.05       500          0.9821   0.7663   0.6143   0.9083  
11     0.15       1000         1.1720   0.7536   0.8976   0.9089  
12     0.20       500          2.3247   0.4022   2.2896   1.9865  

Best: {'scan_std': 0.2, 'n_beams': 144, 'n_particles': 2000, 'ate': 0.3896, 'ate_x': 0.268, 'ate_y': 0.2827, 'mean_err': 0.3599, 'file': 'results/fusion_scanstd0.2_beams144_particles2000.txt'}
