[1/9] beams=36, particles=500 ... ATE=1.1011
[2/9] beams=36, particles=1000 ... ATE=0.9623
[3/9] beams=36, particles=2000 ... ATE=0.8446
[4/9] beams=72, particles=500 ... ATE=1.0430
[5/9] beams=72, particles=1000 ... ATE=0.8502
[6/9] beams=72, particles=2000 ... ATE=0.5298
[7/9] beams=144, particles=500 ... ATE=0.6326
[8/9] beams=144, particles=1000 ... ATE=0.4494
[9/9] beams=144, particles=2000 ... ATE=0.9982

Summary:

Rank   n_beams  n_particles  ATE      ATE_x    ATE_y    MeanErr 
----------------------------------------------------------------------
1      144      1000         0.4494   0.3474   0.2851   0.4140  
2      72       2000         0.5298   0.3008   0.4362   0.4686  
3      144      500          0.6326   0.4632   0.4309   0.5627  
4      36       2000         0.8446   0.2719   0.7997   0.6525  
5      72       1000         0.8502   0.5710   0.6300   0.6453  
6      36       1000         0.9623   0.3601   0.8924   0.7130  
7      144      2000         0.9982   0.2209   0.9734   0.7703  
8      72       500          1.0430   0.3750   0.9733   0.9300  
9      36       500          1.1011   0.3181   1.0541   0.9425  

Best: {'n_beams': 144, 'n_particles': 1000, 'ate': 0.4494, 'ate_x': 0.3474, 'ate_y': 0.2851, 'mean_err': 0.414, 'file': 'results/fusion_scanstd0.1_beams144_particles1000.txt'}
