Running 36 combinations...
====================================================================================================
[1/36] scan_std=0.1, n_beams=36, n_particles=500... ATE=0.7826
[2/36] scan_std=0.1, n_beams=36, n_particles=1000... ATE=0.8309
[3/36] scan_std=0.1, n_beams=36, n_particles=2000... ATE=0.8194
[4/36] scan_std=0.1, n_beams=72, n_particles=500... ATE=0.8172
[5/36] scan_std=0.1, n_beams=72, n_particles=1000... ATE=0.8627
[6/36] scan_std=0.1, n_beams=72, n_particles=2000... ATE=0.9158
[7/36] scan_std=0.1, n_beams=144, n_particles=500... ATE=0.7914
[8/36] scan_std=0.1, n_beams=144, n_particles=1000... ATE=0.7547
[9/36] scan_std=0.1, n_beams=144, n_particles=2000... ATE=0.7759
[10/36] scan_std=0.25, n_beams=36, n_particles=500... ATE=0.8418
[11/36] scan_std=0.25, n_beams=36, n_particles=1000... ATE=0.8767
[12/36] scan_std=0.25, n_beams=36, n_particles=2000... ATE=0.8489
[13/36] scan_std=0.25, n_beams=72, n_particles=500... ATE=0.8114
[14/36] scan_std=0.25, n_beams=72, n_particles=1000... ATE=0.8133
[15/36] scan_std=0.25, n_beams=72, n_particles=2000... ATE=0.7945
[16/36] scan_std=0.25, n_beams=144, n_particles=500... ATE=0.8430
[17/36] scan_std=0.25, n_beams=144, n_particles=1000... ATE=0.8369
[18/36] scan_std=0.25, n_beams=144, n_particles=2000... ATE=0.8286
[19/36] scan_std=0.5, n_beams=36, n_particles=500... ATE=0.8970
[20/36] scan_std=0.5, n_beams=36, n_particles=1000... ATE=0.7972
[21/36] scan_std=0.5, n_beams=36, n_particles=2000... ATE=0.8590
[22/36] scan_std=0.5, n_beams=72, n_particles=500... ATE=0.7923
[23/36] scan_std=0.5, n_beams=72, n_particles=1000... ATE=0.7967
[24/36] scan_std=0.5, n_beams=72, n_particles=2000... ATE=0.8665
[25/36] scan_std=0.5, n_beams=144, n_particles=500... ATE=0.8613
[26/36] scan_std=0.5, n_beams=144, n_particles=1000... ATE=0.8583
[27/36] scan_std=0.5, n_beams=144, n_particles=2000... ATE=0.8283
[28/36] scan_std=1.0, n_beams=36, n_particles=500... ATE=0.8723
[29/36] scan_std=1.0, n_beams=36, n_particles=1000... ATE=0.8964
[30/36] scan_std=1.0, n_beams=36, n_particles=2000... ATE=0.8471
[31/36] scan_std=1.0, n_beams=72, n_particles=500... ATE=0.7911
[32/36] scan_std=1.0, n_beams=72, n_particles=1000... ATE=0.7603
[33/36] scan_std=1.0, n_beams=72, n_particles=2000... ATE=0.8657
[34/36] scan_std=1.0, n_beams=144, n_particles=500... ATE=0.8294
[35/36] scan_std=1.0, n_beams=144, n_particles=1000... ATE=0.9109
[36/36] scan_std=1.0, n_beams=144, n_particles=2000... ATE=0.8519
====================================================================================================

RESULTS SUMMARY
====================================================================================================
Rank   scan_std     n_beams    n_particles  ATE        ATE_x      ATE_y      Mean Err  
----------------------------------------------------------------------------------------------------
1      0.10         144        1000         0.7547     0.5047     0.5610     0.5503    
2      1.00         72         1000         0.7603     0.6066     0.4584     0.5841    
3      0.10         144        2000         0.7759     0.5199     0.5760     0.5780    
4      0.10         36         500          0.7826     0.4016     0.6717     0.5458    
5      1.00         72         500          0.7911     0.6227     0.4880     0.6068    
6      0.10         144        500          0.7914     0.5341     0.5841     0.6000    
7      0.50         72         500          0.7923     0.6007     0.5166     0.6115    
8      0.25         72         2000         0.7945     0.5848     0.5378     0.6032    
9      0.50         72         1000         0.7967     0.6295     0.4884     0.6108    
10     0.50         36         1000         0.7972     0.5780     0.5490     0.6039    
11     0.25         72         500          0.8114     0.5679     0.5795     0.6090    
12     0.25         72         1000         0.8133     0.6169     0.5301     0.6183    
13     0.10         72         500          0.8172     0.4705     0.6682     0.5836    
14     0.10         36         2000         0.8194     0.4000     0.7151     0.5813    
15     0.50         144        2000         0.8283     0.6251     0.5435     0.6340    
16     0.25         144        2000         0.8286     0.6158     0.5545     0.6320    
17     1.00         144        500          0.8294     0.6306     0.5388     0.6313    
18     0.10         36         1000         0.8309     0.4151     0.7198     0.5864    
19     0.25         144        1000         0.8369     0.6309     0.5498     0.6396    
20     0.25         36         500          0.8418     0.6118     0.5783     0.6332    
21     0.25         144        500          0.8430     0.6216     0.5695     0.6396    
22     1.00         36         2000         0.8471     0.6368     0.5586     0.6491    
23     0.25         36         2000         0.8489     0.5726     0.6267     0.6288    
24     1.00         144        2000         0.8519     0.6320     0.5712     0.6525    
25     0.50         144        1000         0.8583     0.6227     0.5906     0.6513    
26     0.50         36         2000         0.8590     0.6086     0.6062     0.6489    
27     0.50         144        500          0.8613     0.5943     0.6235     0.6555    
28     0.10         72         1000         0.8627     0.4787     0.7177     0.6166    
29     1.00         72         2000         0.8657     0.6209     0.6032     0.6629    
30     0.50         72         2000         0.8665     0.6377     0.5866     0.6594    
31     1.00         36         500          0.8723     0.6594     0.5711     0.6709    
32     0.25         36         1000         0.8767     0.5664     0.6692     0.6590    
33     1.00         36         1000         0.8964     0.6530     0.6141     0.6824    
34     0.50         36         500          0.8970     0.6351     0.6335     0.6842    
35     1.00         144        1000         0.9109     0.6295     0.6583     0.6972    
36     0.10         72         2000         0.9158     0.4920     0.7724     0.6554    
----------------------------------------------------------------------------------------------------

Best result: scan_std=0.1, n_beams=144, n_particles=1000
  ATE=0.7547 m
  File: results/tuning_scan_std0.1_beams144_particles1000.txt
